<?xml version="1.0" encoding="UTF-8"?>
<testsuite xmlns:xsi="http://www.w3.org/2001/XMLSchema-instance" xsi:noNamespaceSchemaLocation="https://maven.apache.org/surefire/maven-surefire-plugin/xsd/surefire-test-report-3.0.xsd" version="3.0" name="bad.robot.refactoring.chapter1.CustomerTest" time="0.018" tests="7" errors="0" skipped="0" failures="0">
  <properties>
[...]
</properties>
  <testcase name="shouldDiscountChildrensRentals" classname="bad.robot.refactoring.chapter1.CustomerTest" time="0.003"/>
  <testcase name="basicChildrenRental" classname="bad.robot.refactoring.chapter1.CustomerTest" time="0.0"/>
  <testcase name="basicNewReleaseRental" classname="bad.robot.refactoring.chapter1.CustomerTest" time="0.0"/>
  <testcase name="shouldNotDiscountNewReleaseRentalsButBonusFrequentRenterPoints" classname="bad.robot.refactoring.chapter1.CustomerTest" time="0.0"/>
  <testcase name="basicRegularRental" classname="bad.robot.refactoring.chapter1.CustomerTest" time="0.0"/>
  <testcase name="shouldDiscountRegularRental" classname="bad.robot.refactoring.chapter1.CustomerTest" time="0.0"/>
  <testcase name="shouldSumVariousRentals" classname="bad.robot.refactoring.chapter1.CustomerTest" time="0.0"/>
</testsuite>